Build started 2015-11-16 1:12:40 PM.
     1>Project "E:\Git\CubePlanet\CubePlanet\cubeplanet\cubeplanet.vcxproj" on node 2 (Build target(s)).
     1>ClCompile:
         E:\Visual Studio\VC\bin\CL.exe /c /ZI /nologo /W3 /WX- /Od /Oy- /D WIN32 /D _DEBUG /D _CONSOLE /D NOMINMAX /D _UNICODE /D UNICODE /Gm /EHsc /RTC1 /MDd /GS /fp:precise /Zc:wchar_t /Zc:forScope /Zc:inline /Fo"Debug\\" /Fd"Debug\vc140.pdb" /Gd /TP /analyze- /errorReport:prompt blockinfo.cpp chunk.cpp chunkmesh.cpp engine.cpp main.cpp openglcontext.cpp player.cpp shader.cpp texture.cpp textureatlas.cpp tool.cpp world.cpp
         engine.cpp
     1>e:\git\cubeplanet\cubeplanet\cubeplanet\engine.h(53): warning C4244: 'argument': conversion from 'double' to 'int', possible loss of data
     1>e:\git\cubeplanet\cubeplanet\cubeplanet\engine.cpp(494): warning C4244: 'argument': conversion from 'float' to 'int', possible loss of data
     1>e:\git\cubeplanet\cubeplanet\cubeplanet\engine.cpp(495): warning C4244: 'argument': conversion from 'float' to 'int', possible loss of data
     1>e:\git\cubeplanet\cubeplanet\cubeplanet\engine.cpp(496): warning C4244: 'argument': conversion from 'float' to 'int', possible loss of data
     1>e:\git\cubeplanet\cubeplanet\cubeplanet\engine.cpp(500): warning C4244: 'argument': conversion from 'float' to 'int', possible loss of data
     1>e:\git\cubeplanet\cubeplanet\cubeplanet\engine.cpp(501): warning C4244: 'argument': conversion from 'float' to 'int', possible loss of data
     1>e:\git\cubeplanet\cubeplanet\cubeplanet\engine.cpp(502): warning C4244: 'argument': conversion from 'float' to 'int', possible loss of data
     1>e:\git\cubeplanet\cubeplanet\cubeplanet\engine.cpp(506): warning C4244: 'argument': conversion from 'float' to 'int', possible loss of data
     1>e:\git\cubeplanet\cubeplanet\cubeplanet\engine.cpp(507): warning C4244: 'argument': conversion from 'float' to 'int', possible loss of data
     1>e:\git\cubeplanet\cubeplanet\cubeplanet\engine.cpp(508): warning C4244: 'argument': conversion from 'float' to 'int', possible loss of data
         chunk.cpp
     1>e:\git\cubeplanet\cubeplanet\cubeplanet\chunk.cpp(5): warning C4244: '=': conversion from 'int' to 'float', possible loss of data
     1>e:\git\cubeplanet\cubeplanet\cubeplanet\chunk.cpp(6): warning C4244: '=': conversion from 'int' to 'float', possible loss of data
     1>e:\git\cubeplanet\cubeplanet\cubeplanet\chunk.cpp(52): warning C4244: 'argument': conversion from 'float' to 'int', possible loss of data
         Generating Code...
         Compiling...
         world.cpp
     1>e:\git\cubeplanet\cubeplanet\cubeplanet\world.cpp(27): warning C4244: 'argument': conversion from 'const float' to 'int', possible loss of data
         tool.cpp
     1>e:\git\cubeplanet\cubeplanet\cubeplanet\tool.cpp(28): warning C4244: 'initializing': conversion from 'std::streamoff' to 'unsigned int', possible loss of data
         textureatlas.cpp
         texture.cpp
         shader.cpp
     1>e:\git\cubeplanet\cubeplanet\cubeplanet\shader.cpp(122): warning C4800: 'GLint': forcing value to bool 'true' or 'false' (performance warning)
     1>e:\git\cubeplanet\cubeplanet\cubeplanet\shader.cpp(146): warning C4800: 'GLint': forcing value to bool 'true' or 'false' (performance warning)
         player.cpp
         openglcontext.cpp
     1>e:\git\cubeplanet\cubeplanet\cubeplanet\openglcontext.cpp(73): warning C4244: 'argument': conversion from 'float' to 'DWORD', possible loss of data
     1>e:\git\cubeplanet\cubeplanet\cubeplanet\openglcontext.cpp(177): warning C4244: '=': conversion from 'int' to 'float', possible loss of data
         main.cpp
     1>e:\git\cubeplanet\cubeplanet\cubeplanet\engine.h(53): warning C4244: 'argument': conversion from 'double' to 'int', possible loss of data
         chunkmesh.cpp
         blockinfo.cpp
         Generating Code...
       Link:
         E:\Visual Studio\VC\bin\link.exe /ERRORREPORT:PROMPT /OUT:"E:\Git\CubePlanet\CubePlanet\Debug\CubePlanet.exe" /INCREMENTAL /NOLOGO "sfml-main-d.lib" "sfml-system-d.lib" "sfml-window-d.lib" "sfml-graphics-d.lib" GlU32.Lib OpenGL32.Lib DevIL.lib ILU.lib ILUT.lib glew32.lib kernel32.lib user32.lib gdi32.lib winspool.lib comdlg32.lib advapi32.lib shell32.lib ole32.lib oleaut32.lib uuid.lib odbc32.lib odbccp32.lib /MANIFEST /MANIFESTUAC:"level='asInvoker' uiAccess='false'" /manifest:embed /Debug /PDB:"E:\Git\CubePlanet\CubePlanet\Debug\CubePlanet.pdb" /SUBSYSTEM:CONSOLE /TLBID:1 /DYNAMICBASE /NXCOMPAT /IMPLIB:"E:\Git\CubePlanet\CubePlanet\Debug\CubePlanet.lib" /MACHINE:X86 Debug\blockinfo.obj
         Debug\chunk.obj
         Debug\chunkmesh.obj
         Debug\engine.obj
         Debug\main.obj
         Debug\openglcontext.obj
         Debug\player.obj
         Debug\shader.obj
         Debug\texture.obj
         Debug\textureatlas.obj
         Debug\tool.obj
         Debug\world.obj
         cubeplanet.vcxproj -> E:\Git\CubePlanet\CubePlanet\Debug\CubePlanet.exe
     1>Done Building Project "E:\Git\CubePlanet\CubePlanet\cubeplanet\cubeplanet.vcxproj" (Build target(s)).

Build succeeded.

Time Elapsed 00:00:13.26
