Build started 2015-10-29 7:01:47 PM.
     1>Project "E:\Git\CubePlanet\CubePlanet\cubeplanet\cubeplanet.vcxproj" on node 2 (Build target(s)).
     1>ClCompile:
         E:\Visual Studio\VC\bin\CL.exe /c /Zi /nologo /W3 /WX- /O2 /Oi /Oy- /GL /D WIN32 /D NDEBUG /D _CONSOLE /D NOMINMAX /D _UNICODE /D UNICODE /Gm- /EHsc /MD /GS /Gy /fp:precise /Zc:wchar_t /Zc:forScope /Zc:inline /Fo"Release\\" /Fd"Release\vc140.pdb" /Gd /TP /analyze- /errorReport:prompt blockinfo.cpp chunk.cpp chunkmesh.cpp engine.cpp main.cpp openglcontext.cpp player.cpp shader.cpp stalker.cpp texture.cpp tool.cpp
         blockinfo.cpp
     1>e:\git\cubeplanet\cubeplanet\cubeplanet\define.h(3): fatal error C1083: Cannot open include file: 'GL/glew.h': No such file or directory
         chunk.cpp
     1>e:\git\cubeplanet\cubeplanet\cubeplanet\define.h(3): fatal error C1083: Cannot open include file: 'GL/glew.h': No such file or directory
         chunkmesh.cpp
     1>e:\git\cubeplanet\cubeplanet\cubeplanet\define.h(3): fatal error C1083: Cannot open include file: 'GL/glew.h': No such file or directory
         engine.cpp
     1>e:\git\cubeplanet\cubeplanet\cubeplanet\define.h(3): fatal error C1083: Cannot open include file: 'GL/glew.h': No such file or directory
         main.cpp
     1>main.cpp(1): fatal error C1083: Cannot open include file: 'SFML/Window.hpp': No such file or directory
         openglcontext.cpp
     1>e:\git\cubeplanet\cubeplanet\cubeplanet\define.h(3): fatal error C1083: Cannot open include file: 'GL/glew.h': No such file or directory
         player.cpp
     1>e:\git\cubeplanet\cubeplanet\cubeplanet\define.h(3): fatal error C1083: Cannot open include file: 'GL/glew.h': No such file or directory
         shader.cpp
     1>e:\git\cubeplanet\cubeplanet\cubeplanet\define.h(3): fatal error C1083: Cannot open include file: 'GL/glew.h': No such file or directory
         stalker.cpp
     1>e:\git\cubeplanet\cubeplanet\cubeplanet\define.h(3): fatal error C1083: Cannot open include file: 'GL/glew.h': No such file or directory
         texture.cpp
     1>e:\git\cubeplanet\cubeplanet\cubeplanet\define.h(3): fatal error C1083: Cannot open include file: 'GL/glew.h': No such file or directory
         tool.cpp
     1>e:\git\cubeplanet\cubeplanet\cubeplanet\define.h(3): fatal error C1083: Cannot open include file: 'GL/glew.h': No such file or directory
     1>Done Building Project "E:\Git\CubePlanet\CubePlanet\cubeplanet\cubeplanet.vcxproj" (Build target(s)) -- FAILED.

Build FAILED.

Time Elapsed 00:00:01.02
